<?xml version="1.0" encoding="UTF-8"?>
<testng-results ignored="0" total="0" passed="0" failed="0" skipped="0">
  <reporter-output>
  </reporter-output>
  <suite started-at="2022-12-21T16:02:10 CST" name="com.automation.runner.TestRunner" finished-at="2022-12-21T16:02:10 CST" duration-ms="8">
    <groups>
    </groups>
    <test started-at="2022-12-21T16:02:10 CST" name="Command line test" finished-at="2022-12-21T16:02:10 CST" duration-ms="8">
    </test> <!-- Command line test -->
  </suite> <!-- com.automation.runner.TestRunner -->
</testng-results>
